<test-run id="2" testcasecount="0" result="Passed" start-time="2024-03-18 17:10:37.857548" end-time="2024-03-18 17:10:38.051359" duration="0" total="0" passed="0" failed="0" inconclusive="0" skipped="0" asserts="0" clr-version="3.11.0 (main, Oct 24 2022, 18:26:48) [MSC v.1933 64 bit (AMD64)]" engine-version="3.6.2"><command-line>C:\Users\frecon\AppData\Local\Programs\Python\Python311\Scripts\pytest</command-line><filter /><test-suite id="todo_app/tests/test_view_model.py" name="todo_app/tests/test_view_model.py" fullname="todo_app/tests/test_view_model.py" methodname="" classname="" runstate="Runnable" type="Assembly" testcasecount="0" result="Passed" label="" start-time="0001-01-01 00:00:00.000000" end-time="0001-01-01 00:00:00.000000" duration="0.0" asserts="0" total="0" passed="0" failed="0" warnings="0" inconclusive="0" skipped="0"><properties><property name="python_version" value="3.11.0 (main, Oct 24 2022, 18:26:48) [MSC v.1933 64 bit (AMD64)]" /></properties><environment framework-version="3.6.2" clr-version="3.11.0 (main, Oct 24 2022, 18:26:48) [MSC v.1933 64 bit (AMD64)]" os-version="10" platform="Windows" cwd="C:\Work\Devops\exercise2\DevOps-Course-Starter" machine-name="AMD64" user="" user-domain="" culture="en_GB" uiculture="en_GB" os-architecture="64bit" /></test-suite></test-run>